(node:48725) [SEQUELIZE0004] DeprecationWarning: A boolean value was passed to options.operatorsAliases. This is a no-op with v5 and should be removed.
Server is running on port 8080.
Executing (default): CREATE TABLE IF NOT EXISTS `tutorials` (`id` INTEGER NOT NULL auto_increment , `title` VARCHAR(255), `description` VARCHAR(255), `published` TINYINT(1), `createdAt` DATETIME NOT NULL, `updatedAt` DATETIME NOT NULL, PRIMARY KEY (`id`)) ENGINE=InnoDB; { plain: [33mfalse[39m,
  raw: [33mtrue[39m,
  logging: [36m[Function: bound consoleCall][39m,
  showWarnings: [33mfalse[39m,
  timestamps: [33mtrue[39m,
  validate: {},
  freezeTableName: [33mfalse[39m,
  underscored: [33mfalse[39m,
  paranoid: [33mfalse[39m,
  rejectOnEmpty: [33mfalse[39m,
  whereCollection: [1mnull[22m,
  schema: [1mnull[22m,
  schemaDelimiter: [32m''[39m,
  defaultScope: {},
  scopes: {},
  indexes: [],
  name: { plural: [32m'tutorials'[39m, singular: [32m'tutorial'[39m },
  omitNull: [33mfalse[39m,
  sequelize:
   Sequelize {
     options:
      { dialect: [32m'mysql'[39m,
        dialectModule: [1mnull[22m,
        dialectModulePath: [1mnull[22m,
        host: [32m'34.101.85.245'[39m,
        protocol: [32m'tcp'[39m,
        define: {},
        query: {},
        sync: {},
        timezone: [32m'+00:00'[39m,
        clientMinMessages: [32m'warning'[39m,
        standardConformingStrings: [33mtrue[39m,
        logging: [36m[Function: bound consoleCall][39m,
        omitNull: [33mfalse[39m,
        native: [33mfalse[39m,
        replication: [33mfalse[39m,
        ssl: [90mundefined[39m,
        pool: [36m[Object][39m,
        quoteIdentifiers: [33mtrue[39m,
        hooks: {},
        retry: [36m[Object][39m,
        transactionType: [32m'DEFERRED'[39m,
        isolationLevel: [1mnull[22m,
        databaseVersion: [32m'10.6.4'[39m,
        typeValidation: [33mfalse[39m,
        benchmark: [33mfalse[39m,
        minifyAliases: [33mfalse[39m,
        logQueryParameters: [33mfalse[39m,
        operatorsAliases: [33mfalse[39m },
     config:
      { database: [32m'staging'[39m,
        username: [32m'danu'[39m,
        password: [32m'nightcore'[39m,
        host: [32m'34.101.85.245'[39m,
        port: [33m3306[39m,
        pool: [36m[Object][39m,
        protocol: [32m'tcp'[39m,
        native: [33mfalse[39m,
        ssl: [90mundefined[39m,
        replication: [33mfalse[39m,
        dialectModule: [1mnull[22m,
        dialectModulePath: [1mnull[22m,
        keepDefaultTimezone: [90mundefined[39m,
        dialectOptions: [90mundefined[39m },
     dialect:
      MysqlDialect {
        sequelize: [36m[Circular][39m,
        connectionManager: [36m[ConnectionManager][39m,
        QueryGenerator: [36m[MySQLQueryGenerator][39m },
     queryInterface:
      QueryInterface { sequelize: [36m[Circular][39m, QueryGenerator: [36m[MySQLQueryGenerator][39m },
     models: { tutorial: tutorial },
     modelManager: ModelManager { models: [36m[Array][39m, sequelize: [36m[Circular][39m },
     connectionManager:
      ConnectionManager {
        sequelize: [36m[Circular][39m,
        config: [36m[Object][39m,
        dialect: [36m[MysqlDialect][39m,
        versionPromise: [1mnull[22m,
        dialectName: [32m'mysql'[39m,
        pool: [36m[Pool][39m,
        lib: [36m[Object][39m },
     importCache: {} },
  hooks: [33mtrue[39m,
  dialect: [32m'mysql'[39m,
  dialectModule: [1mnull[22m,
  dialectModulePath: [1mnull[22m,
  host: [32m'34.101.85.245'[39m,
  protocol: [32m'tcp'[39m,
  define: {},
  query: {},
  sync: {},
  timezone: [32m'+00:00'[39m,
  clientMinMessages: [32m'warning'[39m,
  standardConformingStrings: [33mtrue[39m,
  native: [33mfalse[39m,
  replication: [33mfalse[39m,
  ssl: [90mundefined[39m,
  pool: { max: [33m5[39m, min: [33m0[39m, acquire: [33m30000[39m, idle: [33m10000[39m },
  quoteIdentifiers: [33mtrue[39m,
  retry: { max: [33m5[39m, match: [ [32m'SQLITE_BUSY: database is locked'[39m ] },
  transactionType: [32m'DEFERRED'[39m,
  isolationLevel: [1mnull[22m,
  databaseVersion: [33m0[39m,
  typeValidation: [33mfalse[39m,
  benchmark: [33mfalse[39m,
  minifyAliases: [33mfalse[39m,
  logQueryParameters: [33mfalse[39m,
  operatorsAliases: [33mfalse[39m,
  uniqueKeys: {},
  type: [32m'RAW'[39m }
Executing (default): SHOW INDEX FROM `tutorials` { plain: [33mfalse[39m,
  raw: [33mtrue[39m,
  logging: [36m[Function: bound consoleCall][39m,
  showWarnings: [33mfalse[39m,
  timestamps: [33mtrue[39m,
  validate: {},
  freezeTableName: [33mfalse[39m,
  underscored: [33mfalse[39m,
  paranoid: [33mfalse[39m,
  rejectOnEmpty: [33mfalse[39m,
  whereCollection: [1mnull[22m,
  schema: [1mnull[22m,
  schemaDelimiter: [32m''[39m,
  defaultScope: {},
  scopes: {},
  indexes: [],
  name: { plural: [32m'tutorials'[39m, singular: [32m'tutorial'[39m },
  omitNull: [33mfalse[39m,
  sequelize:
   Sequelize {
     options:
      { dialect: [32m'mysql'[39m,
        dialectModule: [1mnull[22m,
        dialectModulePath: [1mnull[22m,
        host: [32m'34.101.85.245'[39m,
        protocol: [32m'tcp'[39m,
        define: {},
        query: {},
        sync: {},
        timezone: [32m'+00:00'[39m,
        clientMinMessages: [32m'warning'[39m,
        standardConformingStrings: [33mtrue[39m,
        logging: [36m[Function: bound consoleCall][39m,
        omitNull: [33mfalse[39m,
        native: [33mfalse[39m,
        replication: [33mfalse[39m,
        ssl: [90mundefined[39m,
        pool: [36m[Object][39m,
        quoteIdentifiers: [33mtrue[39m,
        hooks: {},
        retry: [36m[Object][39m,
        transactionType: [32m'DEFERRED'[39m,
        isolationLevel: [1mnull[22m,
        databaseVersion: [32m'10.6.4'[39m,
        typeValidation: [33mfalse[39m,
        benchmark: [33mfalse[39m,
        minifyAliases: [33mfalse[39m,
        logQueryParameters: [33mfalse[39m,
        operatorsAliases: [33mfalse[39m },
     config:
      { database: [32m'staging'[39m,
        username: [32m'danu'[39m,
        password: [32m'nightcore'[39m,
        host: [32m'34.101.85.245'[39m,
        port: [33m3306[39m,
        pool: [36m[Object][39m,
        protocol: [32m'tcp'[39m,
        native: [33mfalse[39m,
        ssl: [90mundefined[39m,
        replication: [33mfalse[39m,
        dialectModule: [1mnull[22m,
        dialectModulePath: [1mnull[22m,
        keepDefaultTimezone: [90mundefined[39m,
        dialectOptions: [90mundefined[39m },
     dialect:
      MysqlDialect {
        sequelize: [36m[Circular][39m,
        connectionManager: [36m[ConnectionManager][39m,
        QueryGenerator: [36m[MySQLQueryGenerator][39m },
     queryInterface:
      QueryInterface { sequelize: [36m[Circular][39m, QueryGenerator: [36m[MySQLQueryGenerator][39m },
     models: { tutorial: tutorial },
     modelManager: ModelManager { models: [36m[Array][39m, sequelize: [36m[Circular][39m },
     connectionManager:
      ConnectionManager {
        sequelize: [36m[Circular][39m,
        config: [36m[Object][39m,
        dialect: [36m[MysqlDialect][39m,
        versionPromise: [1mnull[22m,
        dialectName: [32m'mysql'[39m,
        pool: [36m[Pool][39m,
        lib: [36m[Object][39m },
     importCache: {} },
  hooks: [33mtrue[39m,
  dialect: [32m'mysql'[39m,
  dialectModule: [1mnull[22m,
  dialectModulePath: [1mnull[22m,
  host: [32m'34.101.85.245'[39m,
  protocol: [32m'tcp'[39m,
  define: {},
  query: {},
  sync: {},
  timezone: [32m'+00:00'[39m,
  clientMinMessages: [32m'warning'[39m,
  standardConformingStrings: [33mtrue[39m,
  native: [33mfalse[39m,
  replication: [33mfalse[39m,
  ssl: [90mundefined[39m,
  pool: { max: [33m5[39m, min: [33m0[39m, acquire: [33m30000[39m, idle: [33m10000[39m },
  quoteIdentifiers: [33mtrue[39m,
  retry: { max: [33m5[39m, match: [ [32m'SQLITE_BUSY: database is locked'[39m ] },
  transactionType: [32m'DEFERRED'[39m,
  isolationLevel: [1mnull[22m,
  databaseVersion: [33m0[39m,
  typeValidation: [33mfalse[39m,
  benchmark: [33mfalse[39m,
  minifyAliases: [33mfalse[39m,
  logQueryParameters: [33mfalse[39m,
  operatorsAliases: [33mfalse[39m,
  type: [32m'SHOWINDEXES'[39m }
